Build started 15/11/2014 09:38:29.
     1>Project "C:\Users\Simon\Documents\GitHub\UCLAN-sparta\Dissertation Project\Dissertation Project.vcxproj" on node 2 (Rebuild target(s)).
     1>ClCompile:
         C:\Program Files (x86)\Microsoft Visual Studio 11.0\VC\bin\CL.exe /c /Zi /nologo /W3 /WX- /sdl /O2 /Oi /Oy- /GL /D _MBCS /Gm- /EHsc /MD /GS /Gy /fp:precise /Zc:wchar_t /Zc:forScope /FAs /Fa"Release\\" /Fo"Release\\" /Fd"Release\vc110.pdb" /Gd /TP /analyze- /errorReport:prompt Camera.cpp Colours.cpp CTimer.cpp Geometry.cpp GeometryManager.cpp ImportOBJ.cpp Import\CImportXFile.cpp Import\Common\CFatalException.cpp Import\Common\MSDefines.cpp Import\Common\Utility.cpp Import\Math\BaseMath.cpp Import\Math\CMatrix2x2.cpp Import\Math\CMatrix3x3.cpp Import\Math\CMatrix4x4.cpp Import\Math\CQuaternion.cpp Import\Math\CQuatTransform.cpp Import\Math\CVector2.cpp Import\Math\CVector3.cpp Import\Math\CVector4.cpp Import\Math\MathIO.cpp Main.cpp Input.cpp Light.cpp MapSquare.cpp Model.cpp RenderObject.cpp Scene.cpp Texture.cpp TextureManager.cpp TinyXML\tinyxml2.cpp
         Camera.cpp
         Colours.cpp
         CTimer.cpp
         Geometry.cpp
         GeometryManager.cpp
         ImportOBJ.cpp
         CImportXFile.cpp
         CFatalException.cpp
         MSDefines.cpp
         Utility.cpp
         BaseMath.cpp
         CMatrix2x2.cpp
         CMatrix3x3.cpp
         CMatrix4x4.cpp
         CQuaternion.cpp
         CQuatTransform.cpp
         CVector2.cpp
         CVector3.cpp
         CVector4.cpp
         MathIO.cpp
         Compiling...
         Main.cpp
         Input.cpp
         Light.cpp
         MapSquare.cpp
     1>MapSquare.cpp(28): warning C4018: '<' : signed/unsigned mismatch
     1>MapSquare.cpp(30): warning C4018: '<' : signed/unsigned mismatch
     1>MapSquare.cpp(46): warning C4018: '<' : signed/unsigned mismatch
     1>MapSquare.cpp(48): warning C4018: '<' : signed/unsigned mismatch
     1>MapSquare.cpp(66): warning C4018: '<' : signed/unsigned mismatch
     1>MapSquare.cpp(68): warning C4018: '<' : signed/unsigned mismatch
     1>MapSquare.cpp(79): warning C4018: '<' : signed/unsigned mismatch
     1>MapSquare.cpp(81): warning C4018: '<' : signed/unsigned mismatch
     1>MapSquare.cpp(113): warning C4018: '<' : signed/unsigned mismatch
         Model.cpp
         RenderObject.cpp
         Scene.cpp
     1>Scene.cpp(75): warning C4018: '<' : signed/unsigned mismatch
     1>Scene.cpp(77): warning C4018: '<' : signed/unsigned mismatch
     1>Scene.cpp(80): warning C4244: 'argument' : conversion from 'int' to 'FLOAT', possible loss of data
     1>Scene.cpp(864): warning C4244: '=' : conversion from 'FLOAT' to 'LONG', possible loss of data
     1>Scene.cpp(865): warning C4244: '=' : conversion from 'FLOAT' to 'LONG', possible loss of data
         Texture.cpp
         TextureManager.cpp
         tinyxml2.cpp
       Link:
         C:\Program Files (x86)\Microsoft Visual Studio 11.0\VC\bin\link.exe /ERRORREPORT:PROMPT /OUT:"C:\Users\Simon\Documents\GitHub\UCLAN-sparta\Release\Dissertation Project.exe" /NOLOGO kernel32.lib user32.lib gdi32.lib winspool.lib comdlg32.lib advapi32.lib shell32.lib ole32.lib oleaut32.lib uuid.lib odbc32.lib odbccp32.lib /MANIFEST /MANIFESTUAC:"level='asInvoker' uiAccess='false'" /manifest:embed /DEBUG /PDB:"C:\Users\Simon\Documents\GitHub\UCLAN-sparta\Release\Dissertation Project.pdb" /OPT:REF /OPT:ICF /LTCG /TLBID:1 /DYNAMICBASE /NXCOMPAT /IMPLIB:"C:\Users\Simon\Documents\GitHub\UCLAN-sparta\Release\Dissertation Project.lib" /MACHINE:X86 /SAFESEH Release\Camera.obj
         Release\Colours.obj
         Release\CTimer.obj
         Release\Geometry.obj
         Release\GeometryManager.obj
         Release\ImportOBJ.obj
         Release\CImportXFile.obj
         Release\CFatalException.obj
         Release\MSDefines.obj
         Release\Utility.obj
         Release\BaseMath.obj
         Release\CMatrix2x2.obj
         Release\CMatrix3x3.obj
         Release\CMatrix4x4.obj
         Release\CQuaternion.obj
         Release\CQuatTransform.obj
         Release\CVector2.obj
         Release\CVector3.obj
         Release\CVector4.obj
         Release\MathIO.obj
         Release\Main.obj
         Release\Input.obj
         Release\Light.obj
         Release\MapSquare.obj
         Release\Model.obj
         Release\RenderObject.obj
         Release\Scene.obj
         Release\Texture.obj
         Release\TextureManager.obj
         Release\tinyxml2.obj
     1>Camera.obj : error LNK2001: unresolved external symbol _D3DXMatrixTranslation@16
     1>Camera.obj : error LNK2001: unresolved external symbol _D3DXVec4Transform@12
     1>Camera.obj : error LNK2001: unresolved external symbol _D3DXMatrixInverse@12
     1>Camera.obj : error LNK2001: unresolved external symbol _D3DXMatrixRotationZ@8
     1>Camera.obj : error LNK2001: unresolved external symbol _D3DXMatrixRotationX@8
     1>Camera.obj : error LNK2001: unresolved external symbol _D3DXMatrixMultiply@12
     1>Camera.obj : error LNK2001: unresolved external symbol _D3DXMatrixPerspectiveFovLH@20
     1>Camera.obj : error LNK2001: unresolved external symbol _D3DXMatrixRotationY@8
     1>CTimer.obj : error LNK2001: unresolved external symbol __imp__timeGetTime@0
     1>Geometry.obj : error LNK2001: unresolved external symbol _D3DXMatrixScaling@16
     1>CImportXFile.obj : error LNK2001: unresolved external symbol _D3DXFileCreate@4
     1>Scene.obj : error LNK2001: unresolved external symbol _D3D10CreateDeviceAndSwapChain@32
     1>Scene.obj : error LNK2001: unresolved external symbol _D3DXVec3Transform@12
     1>Scene.obj : error LNK2001: unresolved external symbol _D3DXPlaneFromPointNormal@12
     1>Scene.obj : error LNK2001: unresolved external symbol _D3DX10CreateEffectFromFileA@48
     1>Scene.obj : error LNK2001: unresolved external symbol _D3DX10CreateFontIndirectA@12
     1>Scene.obj : error LNK2001: unresolved external symbol _D3DXMatrixReflect@8
     1>TextureManager.obj : error LNK2001: unresolved external symbol _D3DX10CreateShaderResourceViewFromFileA@24
     1>C:\Users\Simon\Documents\GitHub\UCLAN-sparta\Release\Dissertation Project.exe : fatal error LNK1120: 18 unresolved externals
     1>Done Building Project "C:\Users\Simon\Documents\GitHub\UCLAN-sparta\Dissertation Project\Dissertation Project.vcxproj" (Rebuild target(s)) -- FAILED.

Build FAILED.

Time Elapsed 00:00:16.79
